<?xml version="1.0" encoding="UTF-8"?>
<testng-results skipped="0" failed="2" ignored="0" total="10" passed="8">
  <reporter-output>
  </reporter-output>
  <suite name="Circle Application Test Automation suite" duration-ms="282586" started-at="2018-05-20T06:56:29Z" finished-at="2018-05-20T07:01:12Z">
    <groups>
    </groups>
    <test name="Cicrle Application Test Cases" duration-ms="282586" started-at="2018-05-20T06:56:29Z" finished-at="2018-05-20T07:01:12Z">
      <class name="com.circle.qa.testcases.FbLoginPageTest">
        <test-method status="PASS" signature="setup()[pri:0, instance:com.circle.qa.testcases.FbLoginPageTest@42e26948]" name="setup" is-config="true" duration-ms="38192" started-at="2018-05-20T06:57:40Z" finished-at="2018-05-20T06:58:18Z">
          <reporter-output>
          </reporter-output>
        </test-method> <!-- setup -->
        <test-method status="PASS" signature="fbtitlepagetest()[pri:1, instance:com.circle.qa.testcases.FbLoginPageTest@42e26948]" name="fbtitlepagetest" duration-ms="8877" started-at="2018-05-20T06:58:18Z" finished-at="2018-05-20T06:58:27Z">
          <reporter-output>
          </reporter-output>
        </test-method> <!-- fbtitlepagetest -->
        <test-method status="PASS" signature="Fblogintest()[pri:2, instance:com.circle.qa.testcases.FbLoginPageTest@42e26948]" name="Fblogintest" duration-ms="14612" started-at="2018-05-20T07:00:43Z" finished-at="2018-05-20T07:00:57Z">
          <reporter-output>
          </reporter-output>
        </test-method> <!-- Fblogintest -->
        <test-method status="PASS" signature="TearDown()[pri:0, instance:com.circle.qa.testcases.FbLoginPageTest@42e26948]" name="TearDown" is-config="true" duration-ms="14472" started-at="2018-05-20T07:00:57Z" finished-at="2018-05-20T07:01:12Z">
          <reporter-output>
          </reporter-output>
        </test-method> <!-- TearDown -->
      </class> <!-- com.circle.qa.testcases.FbLoginPageTest -->
      <class name="com.circle.qa.testcases.CircleHomePageTest">
        <test-method status="PASS" signature="setup()[pri:0, instance:com.circle.qa.testcases.CircleHomePageTest@39c0f4a]" name="setup" is-config="true" duration-ms="18481" started-at="2018-05-20T06:56:51Z" finished-at="2018-05-20T06:57:09Z">
          <reporter-output>
          </reporter-output>
        </test-method> <!-- setup -->
        <test-method status="PASS" signature="Homelinkverifytest()[pri:1, instance:com.circle.qa.testcases.CircleHomePageTest@39c0f4a]" name="Homelinkverifytest" duration-ms="3108" started-at="2018-05-20T06:57:09Z" finished-at="2018-05-20T06:57:12Z">
          <reporter-output>
          </reporter-output>
        </test-method> <!-- Homelinkverifytest -->
        <test-method status="PASS" signature="Myaccountlinkclicktest()[pri:2, instance:com.circle.qa.testcases.CircleHomePageTest@39c0f4a]" name="Myaccountlinkclicktest" duration-ms="6478" started-at="2018-05-20T07:00:30Z" finished-at="2018-05-20T07:00:36Z">
          <reporter-output>
          </reporter-output>
        </test-method> <!-- Myaccountlinkclicktest -->
      </class> <!-- com.circle.qa.testcases.CircleHomePageTest -->
      <class name="com.circle.qa.testcases.FbProfilepageTest">
        <test-method status="PASS" signature="setup()[pri:0, instance:com.circle.qa.testcases.FbProfilepageTest@57baeedf]" name="setup" is-config="true" duration-ms="113002" started-at="2018-05-20T06:58:27Z" finished-at="2018-05-20T07:00:20Z">
          <reporter-output>
          </reporter-output>
        </test-method> <!-- setup -->
        <test-method status="FAIL" signature="PostcommentTest()[pri:1, instance:com.circle.qa.testcases.FbProfilepageTest@57baeedf]" name="PostcommentTest" duration-ms="8424" started-at="2018-05-20T07:00:20Z" finished-at="2018-05-20T07:00:28Z">
          <exception class="org.openqa.selenium.ElementNotVisibleException">
            <message>
              <![CDATA[element not visible
  (Session info: chrome=66.0.3359.181)
  (Driver info: chromedriver=2.38.552522 (437e6fbedfa8762dec75e2c5b3ddb86763dc9dcb),platform=Windows NT 10.0.16299 x86_64) (WARNING: The server did not provide any stacktrace information)
Command duration or timeout: 0 milliseconds
Build info: version: '3.12.0', revision: '7c6e0b3', time: '2018-05-08T14:04:26.12Z'
System info: host: 'ANDY', ip: '192.168.0.104', os.name: 'Windows 10', os.arch: 'amd64', os.version: '10.0', java.version: '1.8.0_171'
Driver info: org.openqa.selenium.chrome.ChromeDriver
Capabilities {acceptInsecureCerts: false, acceptSslCerts: false, applicationCacheEnabled: false, browserConnectionEnabled: false, browserName: chrome, chrome: {chromedriverVersion: 2.38.552522 (437e6fbedfa876..., userDataDir: C:\Users\Anand\AppData\Loca...}, cssSelectorsEnabled: true, databaseEnabled: false, handlesAlerts: true, hasTouchScreen: false, javascriptEnabled: true, locationContextEnabled: true, mobileEmulationEnabled: false, nativeEvents: true, networkConnectionEnabled: false, pageLoadStrategy: normal, platform: XP, platformName: XP, rotatable: false, setWindowRect: true, takesHeapSnapshot: true, takesScreenshot: true, unexpectedAlertBehaviour: , unhandledPromptBehavior: , version: 66.0.3359.181, webStorageEnabled: true}
Session ID: 60f7e66e8aa64d7d69b53e281c3f422c]]>
            </message>
            <full-stacktrace>
              <![CDATA[org.openqa.selenium.ElementNotVisibleException: element not visible
  (Session info: chrome=66.0.3359.181)
  (Driver info: chromedriver=2.38.552522 (437e6fbedfa8762dec75e2c5b3ddb86763dc9dcb),platform=Windows NT 10.0.16299 x86_64) (WARNING: The server did not provide any stacktrace information)
Command duration or timeout: 0 milliseconds
Build info: version: '3.12.0', revision: '7c6e0b3', time: '2018-05-08T14:04:26.12Z'
System info: host: 'ANDY', ip: '192.168.0.104', os.name: 'Windows 10', os.arch: 'amd64', os.version: '10.0', java.version: '1.8.0_171'
Driver info: org.openqa.selenium.chrome.ChromeDriver
Capabilities {acceptInsecureCerts: false, acceptSslCerts: false, applicationCacheEnabled: false, browserConnectionEnabled: false, browserName: chrome, chrome: {chromedriverVersion: 2.38.552522 (437e6fbedfa876..., userDataDir: C:\Users\Anand\AppData\Loca...}, cssSelectorsEnabled: true, databaseEnabled: false, handlesAlerts: true, hasTouchScreen: false, javascriptEnabled: true, locationContextEnabled: true, mobileEmulationEnabled: false, nativeEvents: true, networkConnectionEnabled: false, pageLoadStrategy: normal, platform: XP, platformName: XP, rotatable: false, setWindowRect: true, takesHeapSnapshot: true, takesScreenshot: true, unexpectedAlertBehaviour: , unhandledPromptBehavior: , version: 66.0.3359.181, webStorageEnabled: true}
Session ID: 60f7e66e8aa64d7d69b53e281c3f422c
at sun.reflect.NativeConstructorAccessorImpl.newInstance0(Native Method)
at sun.reflect.NativeConstructorAccessorImpl.newInstance(Unknown Source)
at sun.reflect.DelegatingConstructorAccessorImpl.newInstance(Unknown Source)
at java.lang.reflect.Constructor.newInstance(Unknown Source)
at org.openqa.selenium.remote.ErrorHandler.createThrowable(ErrorHandler.java:214)
at org.openqa.selenium.remote.ErrorHandler.throwIfResponseFailed(ErrorHandler.java:166)
at org.openqa.selenium.remote.http.JsonHttpResponseCodec.reconstructValue(JsonHttpResponseCodec.java:40)
at org.openqa.selenium.remote.http.AbstractHttpResponseCodec.decode(AbstractHttpResponseCodec.java:80)
at org.openqa.selenium.remote.http.AbstractHttpResponseCodec.decode(AbstractHttpResponseCodec.java:44)
at org.openqa.selenium.remote.HttpCommandExecutor.execute(HttpCommandExecutor.java:158)
at org.openqa.selenium.remote.service.DriverCommandExecutor.execute(DriverCommandExecutor.java:83)
at org.openqa.selenium.remote.RemoteWebDriver.execute(RemoteWebDriver.java:543)
at org.openqa.selenium.remote.RemoteWebElement.execute(RemoteWebElement.java:276)
at org.openqa.selenium.remote.RemoteWebElement.click(RemoteWebElement.java:83)
at sun.reflect.NativeMethodAccessorImpl.invoke0(Native Method)
at sun.reflect.NativeMethodAccessorImpl.invoke(Unknown Source)
at sun.reflect.DelegatingMethodAccessorImpl.invoke(Unknown Source)
at java.lang.reflect.Method.invoke(Unknown Source)
at org.openqa.selenium.support.pagefactory.internal.LocatingElementHandler.invoke(LocatingElementHandler.java:51)
at com.sun.proxy.$Proxy10.click(Unknown Source)
at com.circle.qa.pages.FbProfilepage.Postcomment(FbProfilepage.java:35)
at com.circle.qa.testcases.FbProfilepageTest.PostcommentTest(FbProfilepageTest.java:65)
at sun.reflect.NativeMethodAccessorImpl.invoke0(Native Method)
at sun.reflect.NativeMethodAccessorImpl.invoke(Unknown Source)
at sun.reflect.DelegatingMethodAccessorImpl.invoke(Unknown Source)
at java.lang.reflect.Method.invoke(Unknown Source)
at org.testng.internal.MethodInvocationHelper.invokeMethod(MethodInvocationHelper.java:124)
at org.testng.internal.Invoker.invokeMethod(Invoker.java:583)
at org.testng.internal.Invoker.invokeTestMethod(Invoker.java:719)
at org.testng.internal.Invoker.invokeTestMethods(Invoker.java:989)
at org.testng.internal.TestMethodWorker.invokeTestMethods(TestMethodWorker.java:125)
at org.testng.internal.TestMethodWorker.run(TestMethodWorker.java:109)
at org.testng.TestRunner.privateRun(TestRunner.java:648)
at org.testng.TestRunner.run(TestRunner.java:505)
at org.testng.SuiteRunner.runTest(SuiteRunner.java:455)
at org.testng.SuiteRunner.runSequentially(SuiteRunner.java:450)
at org.testng.SuiteRunner.privateRun(SuiteRunner.java:415)
at org.testng.SuiteRunner.run(SuiteRunner.java:364)
at org.testng.SuiteRunnerWorker.runSuite(SuiteRunnerWorker.java:52)
at org.testng.SuiteRunnerWorker.run(SuiteRunnerWorker.java:84)
at org.testng.TestNG.runSuitesSequentially(TestNG.java:1208)
at org.testng.TestNG.runSuitesLocally(TestNG.java:1137)
at org.testng.TestNG.runSuites(TestNG.java:1049)
at org.testng.TestNG.run(TestNG.java:1017)
at org.testng.remote.AbstractRemoteTestNG.run(AbstractRemoteTestNG.java:114)
at org.testng.remote.RemoteTestNG.initAndRun(RemoteTestNG.java:251)
at org.testng.remote.RemoteTestNG.main(RemoteTestNG.java:77)
]]>
            </full-stacktrace>
          </exception> <!-- org.openqa.selenium.ElementNotVisibleException -->
          <reporter-output>
          </reporter-output>
        </test-method> <!-- PostcommentTest -->
        <test-method status="FAIL" signature="VerifycommentTest()[pri:2, instance:com.circle.qa.testcases.FbProfilepageTest@57baeedf]" name="VerifycommentTest" duration-ms="2" started-at="2018-05-20T07:01:12Z" finished-at="2018-05-20T07:01:12Z">
          <exception class="org.openqa.selenium.NoSuchSessionException">
            <message>
              <![CDATA[Session ID is null. Using WebDriver after calling quit()?
Build info: version: '3.12.0', revision: '7c6e0b3', time: '2018-05-08T14:04:26.12Z'
System info: host: 'ANDY', ip: '192.168.0.104', os.name: 'Windows 10', os.arch: 'amd64', os.version: '10.0', java.version: '1.8.0_171'
Driver info: driver.version: RemoteWebDriver]]>
            </message>
            <full-stacktrace>
              <![CDATA[org.openqa.selenium.NoSuchSessionException: Session ID is null. Using WebDriver after calling quit()?
Build info: version: '3.12.0', revision: '7c6e0b3', time: '2018-05-08T14:04:26.12Z'
System info: host: 'ANDY', ip: '192.168.0.104', os.name: 'Windows 10', os.arch: 'amd64', os.version: '10.0', java.version: '1.8.0_171'
Driver info: driver.version: RemoteWebDriver
at org.openqa.selenium.remote.HttpCommandExecutor.execute(HttpCommandExecutor.java:125)
at org.openqa.selenium.remote.service.DriverCommandExecutor.execute(DriverCommandExecutor.java:83)
at org.openqa.selenium.remote.RemoteWebDriver.execute(RemoteWebDriver.java:543)
at org.openqa.selenium.remote.RemoteWebDriver.findElement(RemoteWebDriver.java:317)
at org.openqa.selenium.remote.RemoteWebDriver.findElementByXPath(RemoteWebDriver.java:419)
at org.openqa.selenium.By$ByXPath.findElement(By.java:353)
at org.openqa.selenium.remote.RemoteWebDriver.findElement(RemoteWebDriver.java:309)
at org.openqa.selenium.support.pagefactory.DefaultElementLocator.findElement(DefaultElementLocator.java:69)
at org.openqa.selenium.support.pagefactory.internal.LocatingElementHandler.invoke(LocatingElementHandler.java:38)
at com.sun.proxy.$Proxy10.isDisplayed(Unknown Source)
at com.circle.qa.pages.FbProfilepage.Verifycomment(FbProfilepage.java:45)
at com.circle.qa.testcases.FbProfilepageTest.VerifycommentTest(FbProfilepageTest.java:72)
at sun.reflect.NativeMethodAccessorImpl.invoke0(Native Method)
at sun.reflect.NativeMethodAccessorImpl.invoke(Unknown Source)
at sun.reflect.DelegatingMethodAccessorImpl.invoke(Unknown Source)
at java.lang.reflect.Method.invoke(Unknown Source)
at org.testng.internal.MethodInvocationHelper.invokeMethod(MethodInvocationHelper.java:124)
at org.testng.internal.Invoker.invokeMethod(Invoker.java:583)
at org.testng.internal.Invoker.invokeTestMethod(Invoker.java:719)
at org.testng.internal.Invoker.invokeTestMethods(Invoker.java:989)
at org.testng.internal.TestMethodWorker.invokeTestMethods(TestMethodWorker.java:125)
at org.testng.internal.TestMethodWorker.run(TestMethodWorker.java:109)
at org.testng.TestRunner.privateRun(TestRunner.java:648)
at org.testng.TestRunner.run(TestRunner.java:505)
at org.testng.SuiteRunner.runTest(SuiteRunner.java:455)
at org.testng.SuiteRunner.runSequentially(SuiteRunner.java:450)
at org.testng.SuiteRunner.privateRun(SuiteRunner.java:415)
at org.testng.SuiteRunner.run(SuiteRunner.java:364)
at org.testng.SuiteRunnerWorker.runSuite(SuiteRunnerWorker.java:52)
at org.testng.SuiteRunnerWorker.run(SuiteRunnerWorker.java:84)
at org.testng.TestNG.runSuitesSequentially(TestNG.java:1208)
at org.testng.TestNG.runSuitesLocally(TestNG.java:1137)
at org.testng.TestNG.runSuites(TestNG.java:1049)
at org.testng.TestNG.run(TestNG.java:1017)
at org.testng.remote.AbstractRemoteTestNG.run(AbstractRemoteTestNG.java:114)
at org.testng.remote.RemoteTestNG.initAndRun(RemoteTestNG.java:251)
at org.testng.remote.RemoteTestNG.main(RemoteTestNG.java:77)
]]>
            </full-stacktrace>
          </exception> <!-- org.openqa.selenium.NoSuchSessionException -->
          <reporter-output>
          </reporter-output>
        </test-method> <!-- VerifycommentTest -->
        <test-method status="PASS" signature="TearDown()[pri:0, instance:com.circle.qa.testcases.FbProfilepageTest@57baeedf]" name="TearDown" is-config="true" duration-ms="2" started-at="2018-05-20T07:01:12Z" finished-at="2018-05-20T07:01:12Z">
          <reporter-output>
          </reporter-output>
        </test-method> <!-- TearDown -->
      </class> <!-- com.circle.qa.testcases.FbProfilepageTest -->
      <class name="com.circle.qa.testcases.CircleLoginPageTest">
        <test-method status="PASS" signature="setup()[pri:0, instance:com.circle.qa.testcases.CircleLoginPageTest@7d9d1a19]" name="setup" is-config="true" duration-ms="21528" started-at="2018-05-20T06:56:29Z" finished-at="2018-05-20T06:56:51Z">
          <reporter-output>
          </reporter-output>
        </test-method> <!-- setup -->
        <test-method status="PASS" signature="circlepagetitletest()[pri:1, instance:com.circle.qa.testcases.CircleLoginPageTest@7d9d1a19]" name="circlepagetitletest" duration-ms="24" started-at="2018-05-20T06:56:51Z" finished-at="2018-05-20T06:56:51Z">
          <reporter-output>
          </reporter-output>
        </test-method> <!-- circlepagetitletest -->
        <test-method status="PASS" signature="circlelogintest()[pri:2, instance:com.circle.qa.testcases.CircleLoginPageTest@7d9d1a19]" name="circlelogintest" duration-ms="1111" started-at="2018-05-20T07:00:28Z" finished-at="2018-05-20T07:00:30Z">
          <reporter-output>
          </reporter-output>
        </test-method> <!-- circlelogintest -->
      </class> <!-- com.circle.qa.testcases.CircleLoginPageTest -->
      <class name="com.circle.qa.testcases.CicrleMyaccountpageTest">
        <test-method status="PASS" signature="setup()[pri:0, instance:com.circle.qa.testcases.CicrleMyaccountpageTest@1794d431]" name="setup" is-config="true" duration-ms="27494" started-at="2018-05-20T06:57:12Z" finished-at="2018-05-20T06:57:40Z">
          <reporter-output>
          </reporter-output>
        </test-method> <!-- setup -->
        <test-method status="PASS" signature="Emailverifytest()[pri:1, instance:com.circle.qa.testcases.CicrleMyaccountpageTest@1794d431]" name="Emailverifytest" duration-ms="75" started-at="2018-05-20T06:57:40Z" finished-at="2018-05-20T06:57:40Z">
          <reporter-output>
          </reporter-output>
        </test-method> <!-- Emailverifytest -->
        <test-method status="PASS" signature="Clickfblinktest()[pri:2, instance:com.circle.qa.testcases.CicrleMyaccountpageTest@1794d431]" name="Clickfblinktest" duration-ms="6577" started-at="2018-05-20T07:00:36Z" finished-at="2018-05-20T07:00:43Z">
          <reporter-output>
          </reporter-output>
        </test-method> <!-- Clickfblinktest -->
        <test-method status="PASS" signature="TearDown()[pri:0, instance:com.circle.qa.testcases.CicrleMyaccountpageTest@1794d431]" name="TearDown" is-config="true" duration-ms="0" started-at="2018-05-20T07:01:12Z" finished-at="2018-05-20T07:01:12Z">
          <reporter-output>
          </reporter-output>
        </test-method> <!-- TearDown -->
        <test-method status="PASS" signature="TearDown()[pri:0, instance:com.circle.qa.testcases.CircleHomePageTest@39c0f4a]" name="TearDown" is-config="true" duration-ms="1" started-at="2018-05-20T07:01:12Z" finished-at="2018-05-20T07:01:12Z">
          <reporter-output>
          </reporter-output>
        </test-method> <!-- TearDown -->
        <test-method status="PASS" signature="teardown()[pri:0, instance:com.circle.qa.testcases.CircleLoginPageTest@7d9d1a19]" name="teardown" is-config="true" duration-ms="0" started-at="2018-05-20T07:01:12Z" finished-at="2018-05-20T07:01:12Z">
          <reporter-output>
          </reporter-output>
        </test-method> <!-- teardown -->
      </class> <!-- com.circle.qa.testcases.CicrleMyaccountpageTest -->
    </test> <!-- Cicrle Application Test Cases -->
  </suite> <!-- Circle Application Test Automation suite -->
</testng-results>
